13:16:51.949 [main] INFO  testscripts.CreatePersonalOpportunity - ****Creating the Personal Account with all the Mandatory Fields****
13:17:22.380 [main] INFO  testscripts.CreatePersonalOpportunity - ****Adding Address for an Account****
13:17:50.709 [main] INFO  testscripts.CreatePersonalOpportunity - ****Adding Address for an Account is Saved Successfully****
13:17:53.914 [main] INFO  testscripts.CreatePersonalOpportunity - ****Adding Phone Number for an Account****
13:18:12.971 [main] INFO  testscripts.CreatePersonalOpportunity - ****Adding Phone Number for an Account is Saved Successfully****
13:18:16.171 [main] INFO  testscripts.CreatePersonalOpportunity - ****Adding Email for an Account****
13:18:33.882 [main] INFO  testscripts.CreatePersonalOpportunity - ****Adding Email for an Account is Saved Successfully****
13:20:38.281 [main] INFO  testscripts.CreatePersonalOpportunity - ****Creating the Personal Account with all the Mandatory Fields is Saved Successfully****
13:37:37.377 [main] INFO  testscripts.CreateBusinessOpportunity - ****Adding Address for an Account****
13:38:05.552 [main] INFO  testscripts.CreateBusinessOpportunity - ****Adding Address for an Account is Saved Successfully****
13:38:08.775 [main] INFO  testscripts.CreateBusinessOpportunity - ****Adding Phone Number for an Account****
13:38:27.865 [main] INFO  testscripts.CreateBusinessOpportunity - ****Adding Phone Number for an Account is Saved Successfully****
13:38:31.042 [main] INFO  testscripts.CreateBusinessOpportunity - ****Adding Email for an Account****
13:40:30.922 [main] INFO  testscripts.CreateBusinessOpportunity - ****Adding Address for an Account****
13:40:59.163 [main] INFO  testscripts.CreateBusinessOpportunity - ****Adding Address for an Account is Saved Successfully****
13:41:02.332 [main] INFO  testscripts.CreateBusinessOpportunity - ****Adding Phone Number for an Account****
13:41:23.650 [main] INFO  testscripts.CreateBusinessOpportunity - ****Adding Phone Number for an Account is Saved Successfully****
13:42:06.340 [main] INFO  testscripts.CreateBusinessOpportunity - ****Relating the Personal Acc to the Business Acc****
13:42:32.207 [main] INFO  testscripts.CreateBusinessOpportunity - ****Personal Acc is Related to Business Acc****
13:42:32.243 [main] INFO  testscripts.CreateBusinessOpportunity - ****Create Personal, Business and Opportunity****
13:42:32.243 [main] INFO  testscripts.CreateBusinessOpportunity - ****Creating the Business Opportunity****
13:42:46.605 [main] INFO  testscripts.CreateBusinessOpportunity - ****Create the New Vehicle****
13:43:08.001 [main] INFO  testscripts.CreateBusinessOpportunity - ****Create the New Vehicle is Succesfully****
13:53:14.336 [main] INFO  testscripts.CreateBusinessOpportunity - ****Adding Address for an Account****
13:53:42.713 [main] INFO  testscripts.CreateBusinessOpportunity - ****Adding Address for an Account is Saved Successfully****
13:53:45.913 [main] INFO  testscripts.CreateBusinessOpportunity - ****Adding Phone Number for an Account****
13:54:04.999 [main] INFO  testscripts.CreateBusinessOpportunity - ****Adding Phone Number for an Account is Saved Successfully****
13:54:08.178 [main] INFO  testscripts.CreateBusinessOpportunity - ****Adding Email for an Account****
13:56:08.559 [main] INFO  testscripts.CreateBusinessOpportunity - ****Adding Address for an Account****
13:56:36.865 [main] INFO  testscripts.CreateBusinessOpportunity - ****Adding Address for an Account is Saved Successfully****
13:56:40.045 [main] INFO  testscripts.CreateBusinessOpportunity - ****Adding Phone Number for an Account****
13:57:01.502 [main] INFO  testscripts.CreateBusinessOpportunity - ****Adding Phone Number for an Account is Saved Successfully****
13:57:44.407 [main] INFO  testscripts.CreateBusinessOpportunity - ****Relating the Personal Acc to the Business Acc****
13:58:10.611 [main] INFO  testscripts.CreateBusinessOpportunity - ****Personal Acc is Related to Business Acc****
13:58:10.654 [main] INFO  testscripts.CreateBusinessOpportunity - ****Create Personal, Business and Opportunity****
13:58:10.654 [main] INFO  testscripts.CreateBusinessOpportunity - ****Creating the Business Opportunity****
13:58:25.056 [main] INFO  testscripts.CreateBusinessOpportunity - ****Create the New Vehicle****
13:58:46.328 [main] INFO  testscripts.CreateBusinessOpportunity - ****Create the New Vehicle is Succesfully****
14:02:33.042 [main] INFO  testscripts.CreateBusinessOpportunity - ****Creating the Business Opportunity is Saved Successfully****
14:02:33.043 [main] INFO  testscripts.CreateBusinessOpportunity - ****Create Personal, Business and Opportunity is done****
15:16:35.275 [main] INFO  testscripts.CreatePersonalAcc - ****Creating the Personal Account with all the Mandatory Fields****
15:17:39.444 [main] INFO  testscripts.CreatePersonalAcc - ****Creating the Personal Account with all the Mandatory Fields****
15:18:19.525 [main] INFO  testscripts.CreatePersonalAcc - ****Adding Address for an Account****
15:18:51.694 [main] INFO  testscripts.CreatePersonalAcc - ****Adding Address for an Account is Saved Successfully****
15:18:54.884 [main] INFO  testscripts.CreatePersonalAcc - ****Adding Phone Number for an Account****
15:19:14.005 [main] INFO  testscripts.CreatePersonalAcc - ****Adding Phone Number for an Account is Saved Successfully****
15:19:17.280 [main] INFO  testscripts.CreatePersonalAcc - ****Adding Email for an Account****
15:19:34.870 [main] INFO  testscripts.CreatePersonalAcc - ****Adding Email for an Account is Saved Successfully****
15:22:36.363 [main] INFO  testscripts.CreatePersonalAcc - ****Creating the Personal Account with all the Mandatory Fields****
15:23:49.485 [main] INFO  testscripts.CreatePersonalAcc - ****Creating the Personal Account with all the Mandatory Fields****
15:24:56.996 [main] INFO  testscripts.CreatePersonalAcc - ****Creating the Personal Account with all the Mandatory Fields****
15:26:07.501 [main] INFO  testscripts.CreatePersonalAcc - ****Creating the Personal Account with all the Mandatory Fields****
15:26:48.540 [main] INFO  testscripts.CreatePersonalAcc - ****Adding Address for an Account****
15:29:11.112 [main] INFO  testscripts.CreatePersonalAcc - ****Creating the Personal Account with all the Mandatory Fields****
15:29:59.497 [main] INFO  testscripts.CreatePersonalAcc - ****Adding Address for an Account****
